d:\程式區\temp\project1\project1\debug\vc120.pdb
d:\程式區\temp\project1\project1\debug\myform.obj
d:\程式區\project4\project1\debug\vc120.pdb
d:\程式區\project4\project1\debug\.netframework,version=v4.5.assemblyattributes.obj
d:\程式區\project4\project1\debug\myform.obj
d:\程式區\temp\project1\debug\project1.exe
d:\程式區\temp\project1\debug\project1.pdb
d:\程式區\project4\debug\project1.exe
d:\程式區\project4\debug\project1.pdb
d:\程式區\project4\project1\debug\project1.myform.resources
d:\程式區\project4\project1\debug\project1.vcxproj.generateresource.cache
d:\程式區\project4\project1\debug\project1.vcxprojresolveassemblyreference.cache
d:\程式區\project4\project1\debug\project1.tlog\cl.command.1.tlog
d:\程式區\project4\project1\debug\project1.tlog\cl.read.1.tlog
d:\程式區\project4\project1\debug\project1.tlog\cl.write.1.tlog
d:\程式區\project4\project1\debug\project1.tlog\link.command.1.tlog
d:\程式區\project4\project1\debug\project1.tlog\link.read.1.tlog
d:\程式區\project4\project1\debug\project1.tlog\link.write.1.tlog
d:\程式區\project4\project1\debug\project1.tlog\metagen.read.1.tlog
d:\程式區\project4\project1\debug\project1.tlog\metagen.write.1.tlog
d:\程式區\project4\project1\debug\project1.tlog\project1.write.1u.tlog
d:\程式區\project4\project1\debug\project1.tlog\rsaenh.dll.bi
d:\程式區\project4\project1\debug\project1.tlog\tzres.dll.bi
